<?xml version="1.0" encoding="UTF-8"?>
<testng-results ignored="0" total="1" passed="1" failed="0" skipped="0">
  <reporter-output>
    <line>
      <![CDATA[Practice2 script-02]]>
    </line>
  </reporter-output>
  <suite started-at="2024-04-03T11:36:51 BST" name="Default suite" finished-at="2024-04-03T11:36:59 BST" duration-ms="7697">
    <groups>
    </groups>
    <test started-at="2024-04-03T11:36:51 BST" name="Default test" finished-at="2024-04-03T11:36:59 BST" duration-ms="7697">
      <class name="Practice2.Test_04_Test">
        <test-method signature="launch()[pri:0, instance:Practice2.Test_04_Test@65466a6a]" started-at="2024-04-03T11:36:51 BST" name="launch" finished-at="2024-04-03T11:36:59 BST" duration-ms="7671" status="PASS">
          <reporter-output>
            <line>
              <![CDATA[Practice2 script-02]]>
            </line>
          </reporter-output>
        </test-method> <!-- launch -->
      </class> <!-- Practice2.Test_04_Test -->
    </test> <!-- Default test -->
  </suite> <!-- Default suite -->
</testng-results>
